# JRE version: OpenJDK Runtime Environment Temurin-17.0.8.1+1 (17.0.8.1+1) (build 17.0.8.1+1)
# Java VM: OpenJDK 64-Bit Server VM Temurin-17.0.8.1+1 (17.0.8.1+1, mixed mode, tiered, compressed oops, compressed class ptrs, g1 gc, windows-amd64)
GC Precious Log:
 CPUs: 12 total, 12 available
 Memory: 15676M
 Large Page Support: Disabled
 NUMA Support: Disabled
 Compressed Oops: Enabled (Zero based)
 Heap Region Size: 2M
 Heap Min Capacity: 8M
 Heap Initial Capacity: 246M
 Heap Max Capacity: 3920M
 Pre-touch: Disabled
 Parallel Workers: 10
 Concurrent Workers: 3
 Concurrent Refinement Workers: 10
 Periodic GC: Disabled
Heap:
 garbage-first heap   total 131072K, used 58314K [0x000000070b000000, 0x0000000800000000)
  region size 2048K, 5 young (10240K), 3 survivors (6144K)
 Metaspace       used 70438K, committed 70976K, reserved 1114112K
  class space    used 7778K, committed 8000K, reserved 1048576K
GC Heap History (20 events):
Event: 5.733 GC heap before
{Heap before GC invocations=8 (full 0):
 garbage-first heap   total 75776K, used 47077K [0x000000070b000000, 0x0000000800000000)
  region size 2048K, 13 young (26624K), 1 survivors (2048K)
 Metaspace       used 39861K, committed 40192K, reserved 1114112K
  class space    used 4468K, committed 4608K, reserved 1048576K
}
Event: 5.737 GC heap after
{Heap after GC invocations=9 (full 0):
 garbage-first heap   total 75776K, used 27755K [0x000000070b000000, 0x0000000800000000)
  region size 2048K, 2 young (4096K), 2 survivors (4096K)
 Metaspace       used 39861K, committed 40192K, reserved 1114112K
  class space    used 4468K, committed 4608K, reserved 1048576K
}
Event: 5.972 GC heap before
{Heap before GC invocations=9 (full 0):
 garbage-first heap   total 75776K, used 50283K [0x000000070b000000, 0x0000000800000000)
  region size 2048K, 13 young (26624K), 2 survivors (4096K)
 Metaspace       used 40701K, committed 41088K, reserved 1114112K
  class space    used 4532K, committed 4736K, reserved 1048576K
}
Event: 5.976 GC heap after
{Heap after GC invocations=10 (full 0):
 garbage-first heap   total 75776K, used 30824K [0x000000070b000000, 0x0000000800000000)
  region size 2048K, 2 young (4096K), 2 survivors (4096K)
 Metaspace       used 40701K, committed 41088K, reserved 1114112K
  class space    used 4532K, committed 4736K, reserved 1048576K
}
Event: 6.255 GC heap before
{Heap before GC invocations=10 (full 0):
 garbage-first heap   total 75776K, used 51304K [0x000000070b000000, 0x0000000800000000)
  region size 2048K, 12 young (24576K), 2 survivors (4096K)
 Metaspace       used 43702K, committed 44160K, reserved 1114112K
  class space    used 4941K, committed 5184K, reserved 1048576K
}
Event: 6.258 GC heap after
{Heap after GC invocations=11 (full 0):
 garbage-first heap   total 108544K, used 32856K [0x000000070b000000, 0x0000000800000000)
  region size 2048K, 2 young (4096K), 2 survivors (4096K)
 Metaspace       used 43702K, committed 44160K, reserved 1114112K
  class space    used 4941K, committed 5184K, reserved 1048576K
}
Event: 6.659 GC heap before
{Heap before GC invocations=11 (full 0):
 garbage-first heap   total 108544K, used 73816K [0x000000070b000000, 0x0000000800000000)
  region size 2048K, 23 young (47104K), 2 survivors (4096K)
 Metaspace       used 47089K, committed 47488K, reserved 1114112K
  class space    used 5385K, committed 5568K, reserved 1048576K
}
Event: 6.662 GC heap after
{Heap after GC invocations=12 (full 0):
 garbage-first heap   total 108544K, used 35677K [0x000000070b000000, 0x0000000800000000)
  region size 2048K, 3 young (6144K), 3 survivors (6144K)
 Metaspace       used 47089K, committed 47488K, reserved 1114112K
  class space    used 5385K, committed 5568K, reserved 1048576K
}
Event: 7.247 GC heap before
{Heap before GC invocations=12 (full 0):
 garbage-first heap   total 108544K, used 76637K [0x000000070b000000, 0x0000000800000000)
  region size 2048K, 23 young (47104K), 3 survivors (6144K)
 Metaspace       used 52177K, committed 52544K, reserved 1114112K
  class space    used 5949K, committed 6144K, reserved 1048576K
}
Event: 7.251 GC heap after
{Heap after GC invocations=13 (full 0):
 garbage-first heap   total 108544K, used 38592K [0x000000070b000000, 0x0000000800000000)
  region size 2048K, 2 young (4096K), 2 survivors (4096K)
 Metaspace       used 52177K, committed 52544K, reserved 1114112K
  class space    used 5949K, committed 6144K, reserved 1048576K
}
Event: 7.638 GC heap before
{Heap before GC invocations=13 (full 0):
 garbage-first heap   total 108544K, used 77504K [0x000000070b000000, 0x0000000800000000)
  region size 2048K, 22 young (45056K), 2 survivors (4096K)
 Metaspace       used 55367K, committed 55808K, reserved 1114112K
  class space    used 6343K, committed 6528K, reserved 1048576K
}
Event: 7.643 GC heap after
{Heap after GC invocations=14 (full 0):
 garbage-first heap   total 108544K, used 42696K [0x000000070b000000, 0x0000000800000000)
  region size 2048K, 3 young (6144K), 3 survivors (6144K)
 Metaspace       used 55367K, committed 55808K, reserved 1114112K
  class space    used 6343K, committed 6528K, reserved 1048576K
}
Event: 7.776 GC heap before
{Heap before GC invocations=14 (full 0):
 garbage-first heap   total 108544K, used 77512K [0x000000070b000000, 0x0000000800000000)
  region size 2048K, 21 young (43008K), 3 survivors (6144K)
 Metaspace       used 56986K, committed 57472K, reserved 1114112K
  class space    used 6483K, committed 6656K, reserved 1048576K
}
Event: 7.781 GC heap after
{Heap after GC invocations=15 (full 0):
 garbage-first heap   total 108544K, used 49312K [0x000000070b000000, 0x0000000800000000)
  region size 2048K, 3 young (6144K), 3 survivors (6144K)
 Metaspace       used 56986K, committed 57472K, reserved 1114112K
  class space    used 6483K, committed 6656K, reserved 1048576K
}
Event: 8.021 GC heap before
{Heap before GC invocations=15 (full 0):
 garbage-first heap   total 108544K, used 69792K [0x000000070b000000, 0x0000000800000000)
  region size 2048K, 14 young (28672K), 3 survivors (6144K)
 Metaspace       used 60158K, committed 60608K, reserved 1114112K
  class space    used 6808K, committed 7040K, reserved 1048576K
}
Event: 8.026 GC heap after
{Heap after GC invocations=16 (full 0):
 garbage-first heap   total 108544K, used 52164K [0x000000070b000000, 0x0000000800000000)
  region size 2048K, 2 young (4096K), 2 survivors (4096K)
 Metaspace       used 60158K, committed 60608K, reserved 1114112K
  class space    used 6808K, committed 7040K, reserved 1048576K
}
Event: 8.284 GC heap before
{Heap before GC invocations=17 (full 0):
 garbage-first heap   total 108544K, used 80836K [0x000000070b000000, 0x0000000800000000)
  region size 2048K, 16 young (32768K), 2 survivors (4096K)
 Metaspace       used 62727K, committed 63168K, reserved 1114112K
  class space    used 6990K, committed 7168K, reserved 1048576K
}
Event: 8.287 GC heap after
{Heap after GC invocations=18 (full 0):
 garbage-first heap   total 131072K, used 53374K [0x000000070b000000, 0x0000000800000000)
  region size 2048K, 1 young (2048K), 1 survivors (2048K)
 Metaspace       used 62727K, committed 63168K, reserved 1114112K
  class space    used 6990K, committed 7168K, reserved 1048576K
}
Event: 12.836 GC heap before
{Heap before GC invocations=18 (full 0):
 garbage-first heap   total 131072K, used 98430K [0x000000070b000000, 0x0000000800000000)
  region size 2048K, 24 young (49152K), 1 survivors (2048K)
 Metaspace       used 70347K, committed 70912K, reserved 1114112K
  class space    used 7766K, committed 8000K, reserved 1048576K
}
Event: 12.841 GC heap after
{Heap after GC invocations=19 (full 0):
 garbage-first heap   total 131072K, used 56266K [0x000000070b000000, 0x0000000800000000)
  region size 2048K, 3 young (6144K), 3 survivors (6144K)
 Metaspace       used 70347K, committed 70912K, reserved 1114112K
  class space    used 7766K, committed 8000K, reserved 1048576K
}

